<?xml version="1.0" encoding="UTF-8" ?>
<testsuite failures="5" time="0.645" errors="0" skipped="0" tests="5" name="org.soitoolkit.tools.generator.IntegrationComponentGeneratorTest">
  <properties>
    <property name="java.runtime.name" value="Java(TM) SE Runtime Environment"/>
    <property name="sun.boot.library.path" value="/System/Library/Java/JavaVirtualMachines/1.6.0.jdk/Contents/Libraries"/>
    <property name="java.vm.version" value="19.1-b02-334"/>
    <property name="awt.nativeDoubleBuffering" value="true"/>
    <property name="gopherProxySet" value="false"/>
    <property name="mrj.build" value="10M3326"/>
    <property name="java.vm.vendor" value="Apple Inc."/>
    <property name="java.vendor.url" value="http://www.apple.com/"/>
    <property name="path.separator" value=":"/>
    <property name="java.vm.name" value="Java HotSpot(TM) 64-Bit Server VM"/>
    <property name="file.encoding.pkg" value="sun.io"/>
    <property name="user.country" value="SE"/>
    <property name="sun.java.launcher" value="SUN_STANDARD"/>
    <property name="sun.os.patch.level" value="unknown"/>
    <property name="java.vm.specification.name" value="Java Virtual Machine Specification"/>
    <property name="user.dir" value="/Users/magnuslarsson/Documents/projects/soi-toolkit/svn/trunk/tools/soitoolkit-generator/soitoolkit-generator"/>
    <property name="java.runtime.version" value="1.6.0_24-b07-334-10M3326"/>
    <property name="java.awt.graphicsenv" value="apple.awt.CGraphicsEnvironment"/>
    <property name="basedir" value="/Users/magnuslarsson/Documents/projects/soi-toolkit/svn/trunk/tools/soitoolkit-generator/soitoolkit-generator"/>
    <property name="java.endorsed.dirs" value="/System/Library/Java/JavaVirtualMachines/1.6.0.jdk/Contents/Home/lib/endorsed"/>
    <property name="os.arch" value="x86_64"/>
    <property name="surefire.real.class.path" value="/var/folders/Vc/VcARgQLKFW0UOiq2x1qxQU+++TI/-Tmp-/surefirebooter2261718811950299674.jar"/>
    <property name="java.io.tmpdir" value="/var/folders/Vc/VcARgQLKFW0UOiq2x1qxQU+++TI/-Tmp-/"/>
    <property name="line.separator" value="
"/>
    <property name="java.vm.specification.vendor" value="Sun Microsystems Inc."/>
    <property name="os.name" value="Mac OS X"/>
    <property name="sun.jnu.encoding" value="MacRoman"/>
    <property name="java.library.path" value=".:/Library/Java/Extensions:/System/Library/Java/Extensions:/usr/lib/java"/>
    <property name="surefire.test.class.path" value="/Users/magnuslarsson/Documents/projects/soi-toolkit/svn/trunk/tools/soitoolkit-generator/soitoolkit-generator/target/test-classes:/Users/magnuslarsson/Documents/projects/soi-toolkit/svn/trunk/tools/soitoolkit-generator/soitoolkit-generator/target/classes:/Users/magnuslarsson/.m2/repository/org/codehaus/groovy/groovy-all/1.7.2/groovy-all-1.7.2.jar:/Users/magnuslarsson/.m2/repository/junit/junit/4.8.1/junit-4.8.1.jar:"/>
    <property name="java.specification.name" value="Java Platform API Specification"/>
    <property name="java.class.version" value="50.0"/>
    <property name="sun.management.compiler" value="HotSpot 64-Bit Server Compiler"/>
    <property name="os.version" value="10.6.7"/>
    <property name="http.nonProxyHosts" value="local|*.local|169.254/16|*.169.254/16"/>
    <property name="user.home" value="/Users/magnuslarsson"/>
    <property name="user.timezone" value="Europe/Stockholm"/>
    <property name="java.awt.printerjob" value="apple.awt.CPrinterJob"/>
    <property name="java.specification.version" value="1.6"/>
    <property name="file.encoding" value="MacRoman"/>
    <property name="user.name" value="magnuslarsson"/>
    <property name="java.class.path" value="/Users/magnuslarsson/Documents/projects/soi-toolkit/svn/trunk/tools/soitoolkit-generator/soitoolkit-generator/target/test-classes:/Users/magnuslarsson/Documents/projects/soi-toolkit/svn/trunk/tools/soitoolkit-generator/soitoolkit-generator/target/classes:/Users/magnuslarsson/.m2/repository/org/codehaus/groovy/groovy-all/1.7.2/groovy-all-1.7.2.jar:/Users/magnuslarsson/.m2/repository/junit/junit/4.8.1/junit-4.8.1.jar:"/>
    <property name="java.vm.specification.version" value="1.0"/>
    <property name="sun.arch.data.model" value="64"/>
    <property name="java.home" value="/System/Library/Java/JavaVirtualMachines/1.6.0.jdk/Contents/Home"/>
    <property name="java.specification.vendor" value="Sun Microsystems Inc."/>
    <property name="user.language" value="sv"/>
    <property name="awt.toolkit" value="apple.awt.CToolkit"/>
    <property name="java.vm.info" value="mixed mode"/>
    <property name="java.version" value="1.6.0_24"/>
    <property name="java.ext.dirs" value="/Library/Java/Extensions:/System/Library/Java/Extensions:/System/Library/Java/JavaVirtualMachines/1.6.0.jdk/Contents/Home/lib/ext"/>
    <property name="sun.boot.class.path" value="/System/Library/Java/JavaVirtualMachines/1.6.0.jdk/Contents/Classes/jsfd.jar:/System/Library/Java/JavaVirtualMachines/1.6.0.jdk/Contents/Classes/classes.jar:/System/Library/Frameworks/JavaVM.framework/Frameworks/JavaRuntimeSupport.framework/Resources/Java/JavaRuntimeSupport.jar:/System/Library/Java/JavaVirtualMachines/1.6.0.jdk/Contents/Classes/ui.jar:/System/Library/Java/JavaVirtualMachines/1.6.0.jdk/Contents/Classes/laf.jar:/System/Library/Java/JavaVirtualMachines/1.6.0.jdk/Contents/Classes/sunrsasign.jar:/System/Library/Java/JavaVirtualMachines/1.6.0.jdk/Contents/Classes/jsse.jar:/System/Library/Java/JavaVirtualMachines/1.6.0.jdk/Contents/Classes/jce.jar:/System/Library/Java/JavaVirtualMachines/1.6.0.jdk/Contents/Classes/charsets.jar"/>
    <property name="java.vendor" value="Apple Inc."/>
    <property name="localRepository" value="/Users/magnuslarsson/.m2/repository"/>
    <property name="file.separator" value="/"/>
    <property name="java.vendor.url.bug" value="http://bugreport.apple.com/"/>
    <property name="sun.cpu.endian" value="little"/>
    <property name="sun.io.unicode.encoding" value="UnicodeLittle"/>
    <property name="mrj.version" value="1060.1.6.0_24-334"/>
    <property name="socksNonProxyHosts" value="local|*.local|169.254/16|*.169.254/16"/>
    <property name="ftp.nonProxyHosts" value="local|*.local|169.254/16|*.169.254/16"/>
    <property name="sun.cpu.isalist" value=""/>
  </properties>
  <testcase time="0.09" classname="org.soitoolkit.tools.generator.IntegrationComponentGeneratorTest" name="testGenerateOrderMgm_Standalone">
    <failure message="Missmatch in expected number of created files and folders expected:&lt;49&gt; but was:&lt;19&gt;" type="java.lang.AssertionError">java.lang.AssertionError: Missmatch in expected number of created files and folders expected:&lt;49&gt; but was:&lt;19&gt;
	at org.junit.Assert.fail(Assert.java:91)
	at org.junit.Assert.failNotEquals(Assert.java:645)
	at org.junit.Assert.assertEquals(Assert.java:126)
	at org.junit.Assert.assertEquals(Assert.java:470)
	at org.soitoolkit.tools.generator.IntegrationComponentGeneratorTest.testGenerateOrderMgm_Standalone(IntegrationComponentGeneratorTest.java:71)
	at sun.reflect.NativeMethodAccessorImpl.invoke0(Native Method)
	at sun.reflect.NativeMethodAccessorImpl.invoke(NativeMethodAccessorImpl.java:39)
	at sun.reflect.DelegatingMethodAccessorImpl.invoke(DelegatingMethodAccessorImpl.java:25)
	at java.lang.reflect.Method.invoke(Method.java:597)
	at org.junit.runners.model.FrameworkMethod$1.runReflectiveCall(FrameworkMethod.java:44)
	at org.junit.internal.runners.model.ReflectiveCallable.run(ReflectiveCallable.java:15)
	at org.junit.runners.model.FrameworkMethod.invokeExplosively(FrameworkMethod.java:41)
	at org.junit.internal.runners.statements.InvokeMethod.evaluate(InvokeMethod.java:20)
	at org.junit.internal.runners.statements.RunBefores.evaluate(RunBefores.java:28)
	at org.junit.internal.runners.statements.RunAfters.evaluate(RunAfters.java:31)
	at org.junit.runners.BlockJUnit4ClassRunner.runChild(BlockJUnit4ClassRunner.java:76)
	at org.junit.runners.BlockJUnit4ClassRunner.runChild(BlockJUnit4ClassRunner.java:50)
	at org.junit.runners.ParentRunner$3.run(ParentRunner.java:193)
	at org.junit.runners.ParentRunner$1.schedule(ParentRunner.java:52)
	at org.junit.runners.ParentRunner.runChildren(ParentRunner.java:191)
	at org.junit.runners.ParentRunner.access$000(ParentRunner.java:42)
	at org.junit.runners.ParentRunner$2.evaluate(ParentRunner.java:184)
	at org.junit.internal.runners.statements.RunBefores.evaluate(RunBefores.java:28)
	at org.junit.internal.runners.statements.RunAfters.evaluate(RunAfters.java:31)
	at org.junit.runners.ParentRunner.run(ParentRunner.java:236)
	at org.apache.maven.surefire.junit4.JUnit4TestSet.execute(JUnit4TestSet.java:59)
	at org.apache.maven.surefire.suite.AbstractDirectoryTestSuite.executeTestSet(AbstractDirectoryTestSuite.java:120)
	at org.apache.maven.surefire.suite.AbstractDirectoryTestSuite.execute(AbstractDirectoryTestSuite.java:103)
	at org.apache.maven.surefire.Surefire.run(Surefire.java:169)
	at sun.reflect.NativeMethodAccessorImpl.invoke0(Native Method)
	at sun.reflect.NativeMethodAccessorImpl.invoke(NativeMethodAccessorImpl.java:39)
	at sun.reflect.DelegatingMethodAccessorImpl.invoke(DelegatingMethodAccessorImpl.java:25)
	at java.lang.reflect.Method.invoke(Method.java:597)
	at org.apache.maven.surefire.booter.SurefireBooter.runSuitesInProcess(SurefireBooter.java:350)
	at org.apache.maven.surefire.booter.SurefireBooter.main(SurefireBooter.java:1021)
</failure>
    <system-out>INFO: Generate files from templateFolder: /templates/integrationComponent/newProject
INFO: Created directory: /Users/magnuslarsson/Documents/temp/_plugintests/jUnitTests/ordermgm-standalone/branches
INFO: Created directory: /Users/magnuslarsson/Documents/temp/_plugintests/jUnitTests/ordermgm-standalone/tags
WARN: NO TEMPLATE FOUND FOR trunk/pom.xml.gt
WARN: Couldn&apos;t generate code for template trunk/pom.xml.gt, skipping it
WARN: NO TEMPLATE FOUND FOR trunk/__serviceProjectFilepath__/pom.xml.gt
WARN: Couldn&apos;t generate code for template trunk/__serviceProjectFilepath__/pom.xml.gt, skipping it
INFO: Created directory: /Users/magnuslarsson/Documents/temp/_plugintests/jUnitTests/ordermgm-standalone/trunk/ordermgm-standalone-services/src/main/java/org/soitoolkit/refapps/dealernetwork/ordermgmstandalone
WARN: NO TEMPLATE FOUND FOR trunk/__serviceProjectFilepath__/src/main/resources/__artifactId__-common.xml.gt
WARN: Couldn&apos;t generate code for template trunk/__serviceProjectFilepath__/src/main/resources/__artifactId__-common.xml.gt, skipping it
WARN: NO TEMPLATE FOUND FOR trunk/__serviceProjectFilepath__/src/main/resources/__artifactId__-config.xml.gt
WARN: Couldn&apos;t generate code for template trunk/__serviceProjectFilepath__/src/main/resources/__artifactId__-config.xml.gt, skipping it
INFO: Created directory: /Users/magnuslarsson/Documents/temp/_plugintests/jUnitTests/ordermgm-standalone/trunk/ordermgm-standalone-services/src/main/resources/services
WARN: NO TEMPLATE FOUND FOR trunk/__serviceProjectFilepath__/src/test/java/__javaPackageFilepath__/__capitalizedJavaArtifactId__MuleServer.java.gt
WARN: Couldn&apos;t generate code for template trunk/__serviceProjectFilepath__/src/test/java/__javaPackageFilepath__/__capitalizedJavaArtifactId__MuleServer.java.gt, skipping it
WARN: NO TEMPLATE FOUND FOR trunk/__serviceProjectFilepath__/src/test/resources/__artifactId__-teststubs-and-services-config.xml.gt
WARN: Couldn&apos;t generate code for template trunk/__serviceProjectFilepath__/src/test/resources/__artifactId__-teststubs-and-services-config.xml.gt, skipping it
WARN: NO TEMPLATE FOUND FOR trunk/__serviceProjectFilepath__/src/test/resources/__artifactId__-teststubs-only-config.xml.gt
WARN: Couldn&apos;t generate code for template trunk/__serviceProjectFilepath__/src/test/resources/__artifactId__-teststubs-only-config.xml.gt, skipping it
INFO: Created directory: /Users/magnuslarsson/Documents/temp/_plugintests/jUnitTests/ordermgm-standalone/trunk/ordermgm-standalone-services/src/test/resources/testfiles
INFO: Created directory: /Users/magnuslarsson/Documents/temp/_plugintests/jUnitTests/ordermgm-standalone/trunk/ordermgm-standalone-services/src/test/resources/teststub-services
WARN: NO TEMPLATE FOUND FOR trunk/__serviceProjectFilepath__/src/environment/log4j.dtd.gt
WARN: Couldn&apos;t generate code for template trunk/__serviceProjectFilepath__/src/environment/log4j.dtd.gt, skipping it
WARN: NO TEMPLATE FOUND FOR trunk/__serviceProjectFilepath__/src/environment/log4j.xml.gt
WARN: Couldn&apos;t generate code for template trunk/__serviceProjectFilepath__/src/environment/log4j.xml.gt, skipping it
WARN: NO TEMPLATE FOUND FOR trunk/__serviceProjectFilepath__/src/environment/__securityPropertyFile__.properties.gt
WARN: Couldn&apos;t generate code for template trunk/__serviceProjectFilepath__/src/environment/__securityPropertyFile__.properties.gt, skipping it
WARN: NO TEMPLATE FOUND FOR trunk/__serviceProjectFilepath__/src/environment/__configPropertyFile__.properties.gt
WARN: Couldn&apos;t generate code for template trunk/__serviceProjectFilepath__/src/environment/__configPropertyFile__.properties.gt, skipping it
WARN: NO TEMPLATE FOUND FOR trunk/__standaloneProjectFilepath__/pom.xml.gt
WARN: Couldn&apos;t generate code for template trunk/__standaloneProjectFilepath__/pom.xml.gt, skipping it
WARN: NO TEMPLATE FOUND FOR trunk/__standaloneProjectFilepath__/src/main/app/mule-config.xml.gt
WARN: Couldn&apos;t generate code for template trunk/__standaloneProjectFilepath__/src/main/app/mule-config.xml.gt, skipping it
WARN: NO TEMPLATE FOUND FOR trunk/__teststubStandaloneProjectFilepath__/pom.xml.gt
WARN: Couldn&apos;t generate code for template trunk/__teststubStandaloneProjectFilepath__/pom.xml.gt, skipping it
WARN: NO TEMPLATE FOUND FOR trunk/__teststubStandaloneProjectFilepath__/src/main/app/mule-config.xml.gt
WARN: Couldn&apos;t generate code for template trunk/__teststubStandaloneProjectFilepath__/src/main/app/mule-config.xml.gt, skipping it
</system-out>
    <system-err>### New model-class: org.soitoolkit.tools.generator.model.impl.DefaultModelImpl
</system-err>
  </testcase>
  <testcase time="0.367" classname="org.soitoolkit.tools.generator.IntegrationComponentGeneratorTest" name="testGenerateOrderMgm_War">
    <failure message="Missmatch in expected number of created files and folders expected:&lt;61&gt; but was:&lt;33&gt;" type="java.lang.AssertionError">java.lang.AssertionError: Missmatch in expected number of created files and folders expected:&lt;61&gt; but was:&lt;33&gt;
	at org.junit.Assert.fail(Assert.java:91)
	at org.junit.Assert.failNotEquals(Assert.java:645)
	at org.junit.Assert.assertEquals(Assert.java:126)
	at org.junit.Assert.assertEquals(Assert.java:470)
	at org.soitoolkit.tools.generator.IntegrationComponentGeneratorTest.testGenerateOrderMgm_War(IntegrationComponentGeneratorTest.java:82)
	at sun.reflect.NativeMethodAccessorImpl.invoke0(Native Method)
	at sun.reflect.NativeMethodAccessorImpl.invoke(NativeMethodAccessorImpl.java:39)
	at sun.reflect.DelegatingMethodAccessorImpl.invoke(DelegatingMethodAccessorImpl.java:25)
	at java.lang.reflect.Method.invoke(Method.java:597)
	at org.junit.runners.model.FrameworkMethod$1.runReflectiveCall(FrameworkMethod.java:44)
	at org.junit.internal.runners.model.ReflectiveCallable.run(ReflectiveCallable.java:15)
	at org.junit.runners.model.FrameworkMethod.invokeExplosively(FrameworkMethod.java:41)
	at org.junit.internal.runners.statements.InvokeMethod.evaluate(InvokeMethod.java:20)
	at org.junit.internal.runners.statements.RunBefores.evaluate(RunBefores.java:28)
	at org.junit.internal.runners.statements.RunAfters.evaluate(RunAfters.java:31)
	at org.junit.runners.BlockJUnit4ClassRunner.runChild(BlockJUnit4ClassRunner.java:76)
	at org.junit.runners.BlockJUnit4ClassRunner.runChild(BlockJUnit4ClassRunner.java:50)
	at org.junit.runners.ParentRunner$3.run(ParentRunner.java:193)
	at org.junit.runners.ParentRunner$1.schedule(ParentRunner.java:52)
	at org.junit.runners.ParentRunner.runChildren(ParentRunner.java:191)
	at org.junit.runners.ParentRunner.access$000(ParentRunner.java:42)
	at org.junit.runners.ParentRunner$2.evaluate(ParentRunner.java:184)
	at org.junit.internal.runners.statements.RunBefores.evaluate(RunBefores.java:28)
	at org.junit.internal.runners.statements.RunAfters.evaluate(RunAfters.java:31)
	at org.junit.runners.ParentRunner.run(ParentRunner.java:236)
	at org.apache.maven.surefire.junit4.JUnit4TestSet.execute(JUnit4TestSet.java:59)
	at org.apache.maven.surefire.suite.AbstractDirectoryTestSuite.executeTestSet(AbstractDirectoryTestSuite.java:120)
	at org.apache.maven.surefire.suite.AbstractDirectoryTestSuite.execute(AbstractDirectoryTestSuite.java:103)
	at org.apache.maven.surefire.Surefire.run(Surefire.java:169)
	at sun.reflect.NativeMethodAccessorImpl.invoke0(Native Method)
	at sun.reflect.NativeMethodAccessorImpl.invoke(NativeMethodAccessorImpl.java:39)
	at sun.reflect.DelegatingMethodAccessorImpl.invoke(DelegatingMethodAccessorImpl.java:25)
	at java.lang.reflect.Method.invoke(Method.java:597)
	at org.apache.maven.surefire.booter.SurefireBooter.runSuitesInProcess(SurefireBooter.java:350)
	at org.apache.maven.surefire.booter.SurefireBooter.main(SurefireBooter.java:1021)
</failure>
    <system-out>INFO: Generate files from templateFolder: /templates/integrationComponent/newProject
INFO: Created directory: /Users/magnuslarsson/Documents/temp/_plugintests/jUnitTests/ordermgm-war/branches
INFO: Created directory: /Users/magnuslarsson/Documents/temp/_plugintests/jUnitTests/ordermgm-war/tags
WARN: NO TEMPLATE FOUND FOR trunk/pom.xml.gt
WARN: Couldn&apos;t generate code for template trunk/pom.xml.gt, skipping it
WARN: NO TEMPLATE FOUND FOR trunk/__serviceProjectFilepath__/pom.xml.gt
WARN: Couldn&apos;t generate code for template trunk/__serviceProjectFilepath__/pom.xml.gt, skipping it
INFO: Created directory: /Users/magnuslarsson/Documents/temp/_plugintests/jUnitTests/ordermgm-war/trunk/ordermgm-war-services/src/main/java/org/soitoolkit/refapps/dealernetwork/ordermgmwar
WARN: NO TEMPLATE FOUND FOR trunk/__serviceProjectFilepath__/src/main/resources/__artifactId__-common.xml.gt
WARN: Couldn&apos;t generate code for template trunk/__serviceProjectFilepath__/src/main/resources/__artifactId__-common.xml.gt, skipping it
WARN: NO TEMPLATE FOUND FOR trunk/__serviceProjectFilepath__/src/main/resources/__artifactId__-config.xml.gt
WARN: Couldn&apos;t generate code for template trunk/__serviceProjectFilepath__/src/main/resources/__artifactId__-config.xml.gt, skipping it
INFO: Created directory: /Users/magnuslarsson/Documents/temp/_plugintests/jUnitTests/ordermgm-war/trunk/ordermgm-war-services/src/main/resources/services
WARN: NO TEMPLATE FOUND FOR trunk/__serviceProjectFilepath__/src/test/java/__javaPackageFilepath__/__capitalizedJavaArtifactId__MuleServer.java.gt
WARN: Couldn&apos;t generate code for template trunk/__serviceProjectFilepath__/src/test/java/__javaPackageFilepath__/__capitalizedJavaArtifactId__MuleServer.java.gt, skipping it
WARN: NO TEMPLATE FOUND FOR trunk/__serviceProjectFilepath__/src/test/resources/__artifactId__-teststubs-and-services-config.xml.gt
WARN: Couldn&apos;t generate code for template trunk/__serviceProjectFilepath__/src/test/resources/__artifactId__-teststubs-and-services-config.xml.gt, skipping it
WARN: NO TEMPLATE FOUND FOR trunk/__serviceProjectFilepath__/src/test/resources/__artifactId__-teststubs-only-config.xml.gt
WARN: Couldn&apos;t generate code for template trunk/__serviceProjectFilepath__/src/test/resources/__artifactId__-teststubs-only-config.xml.gt, skipping it
INFO: Created directory: /Users/magnuslarsson/Documents/temp/_plugintests/jUnitTests/ordermgm-war/trunk/ordermgm-war-services/src/test/resources/testfiles
INFO: Created directory: /Users/magnuslarsson/Documents/temp/_plugintests/jUnitTests/ordermgm-war/trunk/ordermgm-war-services/src/test/resources/teststub-services
WARN: NO TEMPLATE FOUND FOR trunk/__serviceProjectFilepath__/src/environment/log4j.dtd.gt
WARN: Couldn&apos;t generate code for template trunk/__serviceProjectFilepath__/src/environment/log4j.dtd.gt, skipping it
WARN: NO TEMPLATE FOUND FOR trunk/__serviceProjectFilepath__/src/environment/log4j.xml.gt
WARN: Couldn&apos;t generate code for template trunk/__serviceProjectFilepath__/src/environment/log4j.xml.gt, skipping it
WARN: NO TEMPLATE FOUND FOR trunk/__serviceProjectFilepath__/src/environment/__securityPropertyFile__.properties.gt
WARN: Couldn&apos;t generate code for template trunk/__serviceProjectFilepath__/src/environment/__securityPropertyFile__.properties.gt, skipping it
WARN: NO TEMPLATE FOUND FOR trunk/__serviceProjectFilepath__/src/environment/__configPropertyFile__.properties.gt
WARN: Couldn&apos;t generate code for template trunk/__serviceProjectFilepath__/src/environment/__configPropertyFile__.properties.gt, skipping it
WARN: NO TEMPLATE FOUND FOR trunk/__webProjectFilepath__/pom.xml.gt
WARN: Couldn&apos;t generate code for template trunk/__webProjectFilepath__/pom.xml.gt, skipping it
WARN: NO TEMPLATE FOUND FOR trunk/__webProjectFilepath__/src/main/webapp/META-INF/MANIFEST.MF.gt
WARN: Couldn&apos;t generate code for template trunk/__webProjectFilepath__/src/main/webapp/META-INF/MANIFEST.MF.gt, skipping it
WARN: NO TEMPLATE FOUND FOR trunk/__webProjectFilepath__/src/main/webapp/WEB-INF/web.xml.gt
WARN: Couldn&apos;t generate code for template trunk/__webProjectFilepath__/src/main/webapp/WEB-INF/web.xml.gt, skipping it
INFO: Created directory: /Users/magnuslarsson/Documents/temp/_plugintests/jUnitTests/ordermgm-war/trunk/ordermgm-war-web/src/main/webapp/WEB-INF/classes
INFO: Created directory: /Users/magnuslarsson/Documents/temp/_plugintests/jUnitTests/ordermgm-war/trunk/ordermgm-war-web/src/main/webapp/WEB-INF/lib
WARN: NO TEMPLATE FOUND FOR trunk/__webProjectFilepath__/src/main/webapp/index.jsp.gt
WARN: Couldn&apos;t generate code for template trunk/__webProjectFilepath__/src/main/webapp/index.jsp.gt, skipping it
WARN: NO TEMPLATE FOUND FOR trunk/__teststubWebProjectFilepath__/pom.xml.gt
WARN: Couldn&apos;t generate code for template trunk/__teststubWebProjectFilepath__/pom.xml.gt, skipping it
WARN: NO TEMPLATE FOUND FOR trunk/__teststubWebProjectFilepath__/src/main/webapp/META-INF/MANIFEST.MF.gt
WARN: Couldn&apos;t generate code for template trunk/__teststubWebProjectFilepath__/src/main/webapp/META-INF/MANIFEST.MF.gt, skipping it
WARN: NO TEMPLATE FOUND FOR trunk/__teststubWebProjectFilepath__/src/main/webapp/WEB-INF/web.xml.gt
WARN: Couldn&apos;t generate code for template trunk/__teststubWebProjectFilepath__/src/main/webapp/WEB-INF/web.xml.gt, skipping it
INFO: Created directory: /Users/magnuslarsson/Documents/temp/_plugintests/jUnitTests/ordermgm-war/trunk/ordermgm-war-teststub-web/src/main/webapp/WEB-INF/classes
INFO: Created directory: /Users/magnuslarsson/Documents/temp/_plugintests/jUnitTests/ordermgm-war/trunk/ordermgm-war-teststub-web/src/main/webapp/WEB-INF/lib
WARN: NO TEMPLATE FOUND FOR trunk/__teststubWebProjectFilepath__/src/main/webapp/index.jsp.gt
WARN: Couldn&apos;t generate code for template trunk/__teststubWebProjectFilepath__/src/main/webapp/index.jsp.gt, skipping it
</system-out>
    <system-err>### New model-class: org.soitoolkit.tools.generator.model.impl.DefaultModelImpl
</system-err>
  </testcase>
  <testcase time="0.053" classname="org.soitoolkit.tools.generator.IntegrationComponentGeneratorTest" name="testGenerateShipping">
    <failure message="Missmatch in expected number of created files and folders expected:&lt;49&gt; but was:&lt;19&gt;" type="java.lang.AssertionError">java.lang.AssertionError: Missmatch in expected number of created files and folders expected:&lt;49&gt; but was:&lt;19&gt;
	at org.junit.Assert.fail(Assert.java:91)
	at org.junit.Assert.failNotEquals(Assert.java:645)
	at org.junit.Assert.assertEquals(Assert.java:126)
	at org.junit.Assert.assertEquals(Assert.java:470)
	at org.soitoolkit.tools.generator.IntegrationComponentGeneratorTest.testGenerateShipping(IntegrationComponentGeneratorTest.java:93)
	at sun.reflect.NativeMethodAccessorImpl.invoke0(Native Method)
	at sun.reflect.NativeMethodAccessorImpl.invoke(NativeMethodAccessorImpl.java:39)
	at sun.reflect.DelegatingMethodAccessorImpl.invoke(DelegatingMethodAccessorImpl.java:25)
	at java.lang.reflect.Method.invoke(Method.java:597)
	at org.junit.runners.model.FrameworkMethod$1.runReflectiveCall(FrameworkMethod.java:44)
	at org.junit.internal.runners.model.ReflectiveCallable.run(ReflectiveCallable.java:15)
	at org.junit.runners.model.FrameworkMethod.invokeExplosively(FrameworkMethod.java:41)
	at org.junit.internal.runners.statements.InvokeMethod.evaluate(InvokeMethod.java:20)
	at org.junit.internal.runners.statements.RunBefores.evaluate(RunBefores.java:28)
	at org.junit.internal.runners.statements.RunAfters.evaluate(RunAfters.java:31)
	at org.junit.runners.BlockJUnit4ClassRunner.runChild(BlockJUnit4ClassRunner.java:76)
	at org.junit.runners.BlockJUnit4ClassRunner.runChild(BlockJUnit4ClassRunner.java:50)
	at org.junit.runners.ParentRunner$3.run(ParentRunner.java:193)
	at org.junit.runners.ParentRunner$1.schedule(ParentRunner.java:52)
	at org.junit.runners.ParentRunner.runChildren(ParentRunner.java:191)
	at org.junit.runners.ParentRunner.access$000(ParentRunner.java:42)
	at org.junit.runners.ParentRunner$2.evaluate(ParentRunner.java:184)
	at org.junit.internal.runners.statements.RunBefores.evaluate(RunBefores.java:28)
	at org.junit.internal.runners.statements.RunAfters.evaluate(RunAfters.java:31)
	at org.junit.runners.ParentRunner.run(ParentRunner.java:236)
	at org.apache.maven.surefire.junit4.JUnit4TestSet.execute(JUnit4TestSet.java:59)
	at org.apache.maven.surefire.suite.AbstractDirectoryTestSuite.executeTestSet(AbstractDirectoryTestSuite.java:120)
	at org.apache.maven.surefire.suite.AbstractDirectoryTestSuite.execute(AbstractDirectoryTestSuite.java:103)
	at org.apache.maven.surefire.Surefire.run(Surefire.java:169)
	at sun.reflect.NativeMethodAccessorImpl.invoke0(Native Method)
	at sun.reflect.NativeMethodAccessorImpl.invoke(NativeMethodAccessorImpl.java:39)
	at sun.reflect.DelegatingMethodAccessorImpl.invoke(DelegatingMethodAccessorImpl.java:25)
	at java.lang.reflect.Method.invoke(Method.java:597)
	at org.apache.maven.surefire.booter.SurefireBooter.runSuitesInProcess(SurefireBooter.java:350)
	at org.apache.maven.surefire.booter.SurefireBooter.main(SurefireBooter.java:1021)
</failure>
    <system-out>INFO: Generate files from templateFolder: /templates/integrationComponent/newProject
INFO: Created directory: /Users/magnuslarsson/Documents/temp/_plugintests/jUnitTests/shipping/branches
INFO: Created directory: /Users/magnuslarsson/Documents/temp/_plugintests/jUnitTests/shipping/tags
WARN: NO TEMPLATE FOUND FOR trunk/pom.xml.gt
WARN: Couldn&apos;t generate code for template trunk/pom.xml.gt, skipping it
WARN: NO TEMPLATE FOUND FOR trunk/__serviceProjectFilepath__/pom.xml.gt
WARN: Couldn&apos;t generate code for template trunk/__serviceProjectFilepath__/pom.xml.gt, skipping it
INFO: Created directory: /Users/magnuslarsson/Documents/temp/_plugintests/jUnitTests/shipping/trunk/shipping-services/src/main/java/org/soitoolkit/refapps/dealernetwork/shipping
WARN: NO TEMPLATE FOUND FOR trunk/__serviceProjectFilepath__/src/main/resources/__artifactId__-common.xml.gt
WARN: Couldn&apos;t generate code for template trunk/__serviceProjectFilepath__/src/main/resources/__artifactId__-common.xml.gt, skipping it
WARN: NO TEMPLATE FOUND FOR trunk/__serviceProjectFilepath__/src/main/resources/__artifactId__-config.xml.gt
WARN: Couldn&apos;t generate code for template trunk/__serviceProjectFilepath__/src/main/resources/__artifactId__-config.xml.gt, skipping it
INFO: Created directory: /Users/magnuslarsson/Documents/temp/_plugintests/jUnitTests/shipping/trunk/shipping-services/src/main/resources/services
WARN: NO TEMPLATE FOUND FOR trunk/__serviceProjectFilepath__/src/test/java/__javaPackageFilepath__/__capitalizedJavaArtifactId__MuleServer.java.gt
WARN: Couldn&apos;t generate code for template trunk/__serviceProjectFilepath__/src/test/java/__javaPackageFilepath__/__capitalizedJavaArtifactId__MuleServer.java.gt, skipping it
WARN: NO TEMPLATE FOUND FOR trunk/__serviceProjectFilepath__/src/test/resources/__artifactId__-teststubs-and-services-config.xml.gt
WARN: Couldn&apos;t generate code for template trunk/__serviceProjectFilepath__/src/test/resources/__artifactId__-teststubs-and-services-config.xml.gt, skipping it
WARN: NO TEMPLATE FOUND FOR trunk/__serviceProjectFilepath__/src/test/resources/__artifactId__-teststubs-only-config.xml.gt
WARN: Couldn&apos;t generate code for template trunk/__serviceProjectFilepath__/src/test/resources/__artifactId__-teststubs-only-config.xml.gt, skipping it
INFO: Created directory: /Users/magnuslarsson/Documents/temp/_plugintests/jUnitTests/shipping/trunk/shipping-services/src/test/resources/testfiles
INFO: Created directory: /Users/magnuslarsson/Documents/temp/_plugintests/jUnitTests/shipping/trunk/shipping-services/src/test/resources/teststub-services
WARN: NO TEMPLATE FOUND FOR trunk/__serviceProjectFilepath__/src/environment/log4j.dtd.gt
WARN: Couldn&apos;t generate code for template trunk/__serviceProjectFilepath__/src/environment/log4j.dtd.gt, skipping it
WARN: NO TEMPLATE FOUND FOR trunk/__serviceProjectFilepath__/src/environment/log4j.xml.gt
WARN: Couldn&apos;t generate code for template trunk/__serviceProjectFilepath__/src/environment/log4j.xml.gt, skipping it
WARN: NO TEMPLATE FOUND FOR trunk/__serviceProjectFilepath__/src/environment/__securityPropertyFile__.properties.gt
WARN: Couldn&apos;t generate code for template trunk/__serviceProjectFilepath__/src/environment/__securityPropertyFile__.properties.gt, skipping it
WARN: NO TEMPLATE FOUND FOR trunk/__serviceProjectFilepath__/src/environment/__configPropertyFile__.properties.gt
WARN: Couldn&apos;t generate code for template trunk/__serviceProjectFilepath__/src/environment/__configPropertyFile__.properties.gt, skipping it
WARN: NO TEMPLATE FOUND FOR trunk/__standaloneProjectFilepath__/pom.xml.gt
WARN: Couldn&apos;t generate code for template trunk/__standaloneProjectFilepath__/pom.xml.gt, skipping it
WARN: NO TEMPLATE FOUND FOR trunk/__standaloneProjectFilepath__/src/main/app/mule-config.xml.gt
WARN: Couldn&apos;t generate code for template trunk/__standaloneProjectFilepath__/src/main/app/mule-config.xml.gt, skipping it
WARN: NO TEMPLATE FOUND FOR trunk/__teststubStandaloneProjectFilepath__/pom.xml.gt
WARN: Couldn&apos;t generate code for template trunk/__teststubStandaloneProjectFilepath__/pom.xml.gt, skipping it
WARN: NO TEMPLATE FOUND FOR trunk/__teststubStandaloneProjectFilepath__/src/main/app/mule-config.xml.gt
WARN: Couldn&apos;t generate code for template trunk/__teststubStandaloneProjectFilepath__/src/main/app/mule-config.xml.gt, skipping it
</system-out>
    <system-err>### New model-class: org.soitoolkit.tools.generator.model.impl.DefaultModelImpl
</system-err>
  </testcase>
  <testcase time="0.043" classname="org.soitoolkit.tools.generator.IntegrationComponentGeneratorTest" name="testGenerateVgrPicsara2melior">
    <failure message="Missmatch in expected number of created files and folders expected:&lt;47&gt; but was:&lt;18&gt;" type="java.lang.AssertionError">java.lang.AssertionError: Missmatch in expected number of created files and folders expected:&lt;47&gt; but was:&lt;18&gt;
	at org.junit.Assert.fail(Assert.java:91)
	at org.junit.Assert.failNotEquals(Assert.java:645)
	at org.junit.Assert.assertEquals(Assert.java:126)
	at org.junit.Assert.assertEquals(Assert.java:470)
	at org.soitoolkit.tools.generator.IntegrationComponentGeneratorTest.testGenerateVgrPicsara2melior(IntegrationComponentGeneratorTest.java:107)
	at sun.reflect.NativeMethodAccessorImpl.invoke0(Native Method)
	at sun.reflect.NativeMethodAccessorImpl.invoke(NativeMethodAccessorImpl.java:39)
	at sun.reflect.DelegatingMethodAccessorImpl.invoke(DelegatingMethodAccessorImpl.java:25)
	at java.lang.reflect.Method.invoke(Method.java:597)
	at org.junit.runners.model.FrameworkMethod$1.runReflectiveCall(FrameworkMethod.java:44)
	at org.junit.internal.runners.model.ReflectiveCallable.run(ReflectiveCallable.java:15)
	at org.junit.runners.model.FrameworkMethod.invokeExplosively(FrameworkMethod.java:41)
	at org.junit.internal.runners.statements.InvokeMethod.evaluate(InvokeMethod.java:20)
	at org.junit.internal.runners.statements.RunBefores.evaluate(RunBefores.java:28)
	at org.junit.internal.runners.statements.RunAfters.evaluate(RunAfters.java:31)
	at org.junit.runners.BlockJUnit4ClassRunner.runChild(BlockJUnit4ClassRunner.java:76)
	at org.junit.runners.BlockJUnit4ClassRunner.runChild(BlockJUnit4ClassRunner.java:50)
	at org.junit.runners.ParentRunner$3.run(ParentRunner.java:193)
	at org.junit.runners.ParentRunner$1.schedule(ParentRunner.java:52)
	at org.junit.runners.ParentRunner.runChildren(ParentRunner.java:191)
	at org.junit.runners.ParentRunner.access$000(ParentRunner.java:42)
	at org.junit.runners.ParentRunner$2.evaluate(ParentRunner.java:184)
	at org.junit.internal.runners.statements.RunBefores.evaluate(RunBefores.java:28)
	at org.junit.internal.runners.statements.RunAfters.evaluate(RunAfters.java:31)
	at org.junit.runners.ParentRunner.run(ParentRunner.java:236)
	at org.apache.maven.surefire.junit4.JUnit4TestSet.execute(JUnit4TestSet.java:59)
	at org.apache.maven.surefire.suite.AbstractDirectoryTestSuite.executeTestSet(AbstractDirectoryTestSuite.java:120)
	at org.apache.maven.surefire.suite.AbstractDirectoryTestSuite.execute(AbstractDirectoryTestSuite.java:103)
	at org.apache.maven.surefire.Surefire.run(Surefire.java:169)
	at sun.reflect.NativeMethodAccessorImpl.invoke0(Native Method)
	at sun.reflect.NativeMethodAccessorImpl.invoke(NativeMethodAccessorImpl.java:39)
	at sun.reflect.DelegatingMethodAccessorImpl.invoke(DelegatingMethodAccessorImpl.java:25)
	at java.lang.reflect.Method.invoke(Method.java:597)
	at org.apache.maven.surefire.booter.SurefireBooter.runSuitesInProcess(SurefireBooter.java:350)
	at org.apache.maven.surefire.booter.SurefireBooter.main(SurefireBooter.java:1021)
</failure>
    <system-out>INFO: Generate files from templateFolder: /templates/integrationComponent/newProject
INFO: Created directory: /Users/magnuslarsson/Documents/temp/_plugintests/jUnitTests/picsara2melior-sas-003/branches
INFO: Created directory: /Users/magnuslarsson/Documents/temp/_plugintests/jUnitTests/picsara2melior-sas-003/tags
WARN: NO TEMPLATE FOUND FOR trunk/pom.xml.gt
WARN: Couldn&apos;t generate code for template trunk/pom.xml.gt, skipping it
WARN: NO TEMPLATE FOUND FOR trunk/__serviceProjectFilepath__/pom.xml.gt
WARN: Couldn&apos;t generate code for template trunk/__serviceProjectFilepath__/pom.xml.gt, skipping it
INFO: Created directory: /Users/magnuslarsson/Documents/temp/_plugintests/jUnitTests/picsara2melior-sas-003/trunk/picsara2melior-sas-003-services/src/main/java/se/vgregion/pilot/picsara2meliorsas003
WARN: NO TEMPLATE FOUND FOR trunk/__serviceProjectFilepath__/src/main/resources/__artifactId__-common.xml.gt
WARN: Couldn&apos;t generate code for template trunk/__serviceProjectFilepath__/src/main/resources/__artifactId__-common.xml.gt, skipping it
WARN: NO TEMPLATE FOUND FOR trunk/__serviceProjectFilepath__/src/main/resources/__artifactId__-config.xml.gt
WARN: Couldn&apos;t generate code for template trunk/__serviceProjectFilepath__/src/main/resources/__artifactId__-config.xml.gt, skipping it
INFO: Created directory: /Users/magnuslarsson/Documents/temp/_plugintests/jUnitTests/picsara2melior-sas-003/trunk/picsara2melior-sas-003-services/src/main/resources/services
WARN: NO TEMPLATE FOUND FOR trunk/__serviceProjectFilepath__/src/test/java/__javaPackageFilepath__/__capitalizedJavaArtifactId__MuleServer.java.gt
WARN: Couldn&apos;t generate code for template trunk/__serviceProjectFilepath__/src/test/java/__javaPackageFilepath__/__capitalizedJavaArtifactId__MuleServer.java.gt, skipping it
WARN: NO TEMPLATE FOUND FOR trunk/__serviceProjectFilepath__/src/test/resources/__artifactId__-teststubs-and-services-config.xml.gt
WARN: Couldn&apos;t generate code for template trunk/__serviceProjectFilepath__/src/test/resources/__artifactId__-teststubs-and-services-config.xml.gt, skipping it
WARN: NO TEMPLATE FOUND FOR trunk/__serviceProjectFilepath__/src/test/resources/__artifactId__-teststubs-only-config.xml.gt
WARN: Couldn&apos;t generate code for template trunk/__serviceProjectFilepath__/src/test/resources/__artifactId__-teststubs-only-config.xml.gt, skipping it
INFO: Created directory: /Users/magnuslarsson/Documents/temp/_plugintests/jUnitTests/picsara2melior-sas-003/trunk/picsara2melior-sas-003-services/src/test/resources/testfiles
INFO: Created directory: /Users/magnuslarsson/Documents/temp/_plugintests/jUnitTests/picsara2melior-sas-003/trunk/picsara2melior-sas-003-services/src/test/resources/teststub-services
WARN: NO TEMPLATE FOUND FOR trunk/__serviceProjectFilepath__/src/environment/log4j.dtd.gt
WARN: Couldn&apos;t generate code for template trunk/__serviceProjectFilepath__/src/environment/log4j.dtd.gt, skipping it
WARN: NO TEMPLATE FOUND FOR trunk/__serviceProjectFilepath__/src/environment/log4j.xml.gt
WARN: Couldn&apos;t generate code for template trunk/__serviceProjectFilepath__/src/environment/log4j.xml.gt, skipping it
WARN: NO TEMPLATE FOUND FOR trunk/__serviceProjectFilepath__/src/environment/__securityPropertyFile__.properties.gt
WARN: Couldn&apos;t generate code for template trunk/__serviceProjectFilepath__/src/environment/__securityPropertyFile__.properties.gt, skipping it
WARN: NO TEMPLATE FOUND FOR trunk/__serviceProjectFilepath__/src/environment/__configPropertyFile__.properties.gt
WARN: Couldn&apos;t generate code for template trunk/__serviceProjectFilepath__/src/environment/__configPropertyFile__.properties.gt, skipping it
WARN: NO TEMPLATE FOUND FOR trunk/__standaloneProjectFilepath__/pom.xml.gt
WARN: Couldn&apos;t generate code for template trunk/__standaloneProjectFilepath__/pom.xml.gt, skipping it
WARN: NO TEMPLATE FOUND FOR trunk/__standaloneProjectFilepath__/src/main/app/mule-config.xml.gt
WARN: Couldn&apos;t generate code for template trunk/__standaloneProjectFilepath__/src/main/app/mule-config.xml.gt, skipping it
WARN: NO TEMPLATE FOUND FOR trunk/__teststubStandaloneProjectFilepath__/pom.xml.gt
WARN: Couldn&apos;t generate code for template trunk/__teststubStandaloneProjectFilepath__/pom.xml.gt, skipping it
WARN: NO TEMPLATE FOUND FOR trunk/__teststubStandaloneProjectFilepath__/src/main/app/mule-config.xml.gt
WARN: Couldn&apos;t generate code for template trunk/__teststubStandaloneProjectFilepath__/src/main/app/mule-config.xml.gt, skipping it
</system-out>
    <system-err>### New model-class: org.soitoolkit.tools.generator.model.impl.DefaultModelImpl
</system-err>
  </testcase>
  <testcase time="0.077" classname="org.soitoolkit.tools.generator.IntegrationComponentGeneratorTest" name="testGenerateVfSveFasktura">
    <failure message="Missmatch in expected number of created files and folders expected:&lt;49&gt; but was:&lt;19&gt;" type="java.lang.AssertionError">java.lang.AssertionError: Missmatch in expected number of created files and folders expected:&lt;49&gt; but was:&lt;19&gt;
	at org.junit.Assert.fail(Assert.java:91)
	at org.junit.Assert.failNotEquals(Assert.java:645)
	at org.junit.Assert.assertEquals(Assert.java:126)
	at org.junit.Assert.assertEquals(Assert.java:470)
	at org.soitoolkit.tools.generator.IntegrationComponentGeneratorTest.testGenerateVfSveFasktura(IntegrationComponentGeneratorTest.java:121)
	at sun.reflect.NativeMethodAccessorImpl.invoke0(Native Method)
	at sun.reflect.NativeMethodAccessorImpl.invoke(NativeMethodAccessorImpl.java:39)
	at sun.reflect.DelegatingMethodAccessorImpl.invoke(DelegatingMethodAccessorImpl.java:25)
	at java.lang.reflect.Method.invoke(Method.java:597)
	at org.junit.runners.model.FrameworkMethod$1.runReflectiveCall(FrameworkMethod.java:44)
	at org.junit.internal.runners.model.ReflectiveCallable.run(ReflectiveCallable.java:15)
	at org.junit.runners.model.FrameworkMethod.invokeExplosively(FrameworkMethod.java:41)
	at org.junit.internal.runners.statements.InvokeMethod.evaluate(InvokeMethod.java:20)
	at org.junit.internal.runners.statements.RunBefores.evaluate(RunBefores.java:28)
	at org.junit.internal.runners.statements.RunAfters.evaluate(RunAfters.java:31)
	at org.junit.runners.BlockJUnit4ClassRunner.runChild(BlockJUnit4ClassRunner.java:76)
	at org.junit.runners.BlockJUnit4ClassRunner.runChild(BlockJUnit4ClassRunner.java:50)
	at org.junit.runners.ParentRunner$3.run(ParentRunner.java:193)
	at org.junit.runners.ParentRunner$1.schedule(ParentRunner.java:52)
	at org.junit.runners.ParentRunner.runChildren(ParentRunner.java:191)
	at org.junit.runners.ParentRunner.access$000(ParentRunner.java:42)
	at org.junit.runners.ParentRunner$2.evaluate(ParentRunner.java:184)
	at org.junit.internal.runners.statements.RunBefores.evaluate(RunBefores.java:28)
	at org.junit.internal.runners.statements.RunAfters.evaluate(RunAfters.java:31)
	at org.junit.runners.ParentRunner.run(ParentRunner.java:236)
	at org.apache.maven.surefire.junit4.JUnit4TestSet.execute(JUnit4TestSet.java:59)
	at org.apache.maven.surefire.suite.AbstractDirectoryTestSuite.executeTestSet(AbstractDirectoryTestSuite.java:120)
	at org.apache.maven.surefire.suite.AbstractDirectoryTestSuite.execute(AbstractDirectoryTestSuite.java:103)
	at org.apache.maven.surefire.Surefire.run(Surefire.java:169)
	at sun.reflect.NativeMethodAccessorImpl.invoke0(Native Method)
	at sun.reflect.NativeMethodAccessorImpl.invoke(NativeMethodAccessorImpl.java:39)
	at sun.reflect.DelegatingMethodAccessorImpl.invoke(DelegatingMethodAccessorImpl.java:25)
	at java.lang.reflect.Method.invoke(Method.java:597)
	at org.apache.maven.surefire.booter.SurefireBooter.runSuitesInProcess(SurefireBooter.java:350)
	at org.apache.maven.surefire.booter.SurefireBooter.main(SurefireBooter.java:1021)
</failure>
    <system-out>INFO: Generate files from templateFolder: /templates/integrationComponent/newProject
INFO: Created directory: /Users/magnuslarsson/Documents/temp/_plugintests/jUnitTests/faktura3/branches
INFO: Created directory: /Users/magnuslarsson/Documents/temp/_plugintests/jUnitTests/faktura3/tags
WARN: NO TEMPLATE FOUND FOR trunk/pom.xml.gt
WARN: Couldn&apos;t generate code for template trunk/pom.xml.gt, skipping it
WARN: NO TEMPLATE FOUND FOR trunk/__serviceProjectFilepath__/pom.xml.gt
WARN: Couldn&apos;t generate code for template trunk/__serviceProjectFilepath__/pom.xml.gt, skipping it
INFO: Created directory: /Users/magnuslarsson/Documents/temp/_plugintests/jUnitTests/faktura3/trunk/faktura3-services/src/main/java/se/volvofinans/infobus/faktura/faktura3
WARN: NO TEMPLATE FOUND FOR trunk/__serviceProjectFilepath__/src/main/resources/__artifactId__-common.xml.gt
WARN: Couldn&apos;t generate code for template trunk/__serviceProjectFilepath__/src/main/resources/__artifactId__-common.xml.gt, skipping it
WARN: NO TEMPLATE FOUND FOR trunk/__serviceProjectFilepath__/src/main/resources/__artifactId__-config.xml.gt
WARN: Couldn&apos;t generate code for template trunk/__serviceProjectFilepath__/src/main/resources/__artifactId__-config.xml.gt, skipping it
INFO: Created directory: /Users/magnuslarsson/Documents/temp/_plugintests/jUnitTests/faktura3/trunk/faktura3-services/src/main/resources/services
WARN: NO TEMPLATE FOUND FOR trunk/__serviceProjectFilepath__/src/test/java/__javaPackageFilepath__/__capitalizedJavaArtifactId__MuleServer.java.gt
WARN: Couldn&apos;t generate code for template trunk/__serviceProjectFilepath__/src/test/java/__javaPackageFilepath__/__capitalizedJavaArtifactId__MuleServer.java.gt, skipping it
WARN: NO TEMPLATE FOUND FOR trunk/__serviceProjectFilepath__/src/test/resources/__artifactId__-teststubs-and-services-config.xml.gt
WARN: Couldn&apos;t generate code for template trunk/__serviceProjectFilepath__/src/test/resources/__artifactId__-teststubs-and-services-config.xml.gt, skipping it
WARN: NO TEMPLATE FOUND FOR trunk/__serviceProjectFilepath__/src/test/resources/__artifactId__-teststubs-only-config.xml.gt
WARN: Couldn&apos;t generate code for template trunk/__serviceProjectFilepath__/src/test/resources/__artifactId__-teststubs-only-config.xml.gt, skipping it
INFO: Created directory: /Users/magnuslarsson/Documents/temp/_plugintests/jUnitTests/faktura3/trunk/faktura3-services/src/test/resources/testfiles
INFO: Created directory: /Users/magnuslarsson/Documents/temp/_plugintests/jUnitTests/faktura3/trunk/faktura3-services/src/test/resources/teststub-services
WARN: NO TEMPLATE FOUND FOR trunk/__serviceProjectFilepath__/src/environment/log4j.dtd.gt
WARN: Couldn&apos;t generate code for template trunk/__serviceProjectFilepath__/src/environment/log4j.dtd.gt, skipping it
WARN: NO TEMPLATE FOUND FOR trunk/__serviceProjectFilepath__/src/environment/log4j.xml.gt
WARN: Couldn&apos;t generate code for template trunk/__serviceProjectFilepath__/src/environment/log4j.xml.gt, skipping it
WARN: NO TEMPLATE FOUND FOR trunk/__serviceProjectFilepath__/src/environment/__securityPropertyFile__.properties.gt
WARN: Couldn&apos;t generate code for template trunk/__serviceProjectFilepath__/src/environment/__securityPropertyFile__.properties.gt, skipping it
WARN: NO TEMPLATE FOUND FOR trunk/__serviceProjectFilepath__/src/environment/__configPropertyFile__.properties.gt
WARN: Couldn&apos;t generate code for template trunk/__serviceProjectFilepath__/src/environment/__configPropertyFile__.properties.gt, skipping it
WARN: NO TEMPLATE FOUND FOR trunk/__standaloneProjectFilepath__/pom.xml.gt
WARN: Couldn&apos;t generate code for template trunk/__standaloneProjectFilepath__/pom.xml.gt, skipping it
WARN: NO TEMPLATE FOUND FOR trunk/__standaloneProjectFilepath__/src/main/app/mule-config.xml.gt
WARN: Couldn&apos;t generate code for template trunk/__standaloneProjectFilepath__/src/main/app/mule-config.xml.gt, skipping it
WARN: NO TEMPLATE FOUND FOR trunk/__teststubStandaloneProjectFilepath__/pom.xml.gt
WARN: Couldn&apos;t generate code for template trunk/__teststubStandaloneProjectFilepath__/pom.xml.gt, skipping it
WARN: NO TEMPLATE FOUND FOR trunk/__teststubStandaloneProjectFilepath__/src/main/app/mule-config.xml.gt
WARN: Couldn&apos;t generate code for template trunk/__teststubStandaloneProjectFilepath__/src/main/app/mule-config.xml.gt, skipping it
</system-out>
    <system-err>### New model-class: org.soitoolkit.tools.generator.model.impl.DefaultModelImpl
</system-err>
  </testcase>
</testsuite>